On branch voodflow-clean
Your branch and 'origin/voodflow-clean' have diverged,
and have 2 and 1 different commits each, respectively.
  (use "git pull" if you want to integrate the remote branch with yours)

Changes not staged for commit:
  (use "git add/rm <file>..." to update what will be committed)
  (use "git restore <file>..." to discard changes in working directory)
	modified:   resources/dist/filament-signal.css
	modified:   resources/dist/filament-signal.js
	modified:   resources/js/components/FlowEditor.jsx
	modified:   resources/js/index.jsx
	modified:   resources/js/nodeRegistry.js
	modified:   src/Console/Commands/MakeNodeCommand.php
	modified:   src/Filament/Resources/InstalledPackageResource.php
	deleted:    src/Nodes/telegram-node/TelegramNode.php
	deleted:    src/Nodes/telegram-node/components/TelegramNode.jsx
	deleted:    src/Nodes/telegram-node/dist/telegram-node.js
	deleted:    src/Nodes/telegram-node/manifest.json
	modified:   src/Services/DynamicNodeLoader.php
	modified:   src/Services/NodeRegistry.php
	modified:   src/VoodflowPlugin.php

Untracked files:
  (use "git add <file>..." to include in what will be committed)
	TECH_STACK.md
	src/Nodes/ConditionalNode/manifest.json
	src/Nodes/FilterNode/manifest.json
	src/Nodes/SendWebhookNode/manifest.json
	src/Nodes/TriggerNode/manifest.json
	src/Nodes/vite.config.example.js
	status.log

no changes added to commit (use "git add" and/or "git commit -a")
